TN:
SF:lib\aspects\naming-aspect.ts
FN:22,(anonymous_0)
FN:24,(anonymous_1)
FNF:2
FNH:2
FNDA:7,(anonymous_0)
FNDA:21,(anonymous_1)
DA:1,1
DA:21,1
DA:22,7
DA:25,21
DA:26,8
DA:27,8
DA:30,8
DA:33,8
DA:40,8
DA:43,8
LF:10
LH:10
BRDA:25,0,0,8
BRDA:30,1,0,8
BRDA:30,1,1,0
BRF:3
BRH:2
end_of_record
TN:
SF:lib\aspects\tagging-aspect.ts
FN:22,(anonymous_0)
FN:24,(anonymous_1)
FN:36,(anonymous_2)
FNF:3
FNH:3
FNDA:2,(anonymous_0)
FNDA:9,(anonymous_1)
FNDA:2,(anonymous_2)
DA:1,1
DA:21,1
DA:22,2
DA:25,9
DA:26,3
DA:29,3
DA:36,3
DA:42,3
DA:45,3
LF:9
LH:9
BRDA:25,0,0,3
BRDA:36,1,0,3
BRDA:36,1,1,2
BRF:3
BRH:3
end_of_record
TN:
SF:lib\interfaces\base-stack.ts
FN:14,(anonymous_0)
FN:36,(anonymous_1)
FN:43,(anonymous_2)
FN:48,(anonymous_3)
FNF:4
FNH:4
FNDA:25,(anonymous_0)
FNDA:3,(anonymous_1)
FNDA:69,(anonymous_2)
FNDA:1,(anonymous_3)
DA:1,3
DA:10,3
DA:16,25
DA:17,2
DA:19,23
DA:20,2
DA:23,21
DA:26,21
DA:27,21
DA:30,21
DA:31,21
DA:32,21
DA:35,21
DA:36,2
DA:37,3
DA:44,69
DA:49,1
LF:17
LH:17
BRDA:16,0,0,2
BRDA:19,1,0,2
BRDA:35,2,0,2
BRF:3
BRH:3
end_of_record
TN:
SF:lib\stacks\config-management-stack.ts
FN:27,(anonymous_0)
FNF:1
FNH:1
FNDA:11,(anonymous_0)
DA:1,1
DA:2,1
DA:3,1
DA:4,1
DA:5,1
DA:6,1
DA:7,1
DA:17,1
DA:28,11
DA:31,11
DA:32,2
DA:42,11
DA:46,11
DA:54,11
DA:58,11
DA:73,11
DA:77,11
DA:83,11
DA:90,11
DA:110,11
DA:124,11
DA:152,11
DA:157,11
DA:162,11
DA:167,11
DA:172,11
DA:177,11
DA:182,11
DA:183,2
DA:189,11
LF:30
LH:30
BRDA:31,0,0,2
BRDA:34,1,0,2
BRDA:34,1,1,1
BRDA:42,2,0,1
BRDA:42,2,1,10
BRDA:54,3,0,1
BRDA:54,3,1,10
BRDA:73,4,0,1
BRDA:73,4,1,10
BRDA:182,5,0,2
BRF:10
BRH:10
end_of_record
TN:
SF:lib\stacks\security-monitoring-stack.ts
FN:8,(anonymous_0)
FNF:1
FNH:1
FNDA:9,(anonymous_0)
DA:1,1
DA:4,1
DA:5,1
DA:7,1
DA:9,9
DA:12,9
DA:38,9
DA:39,9
DA:40,9
DA:43,9
DA:48,9
DA:49,9
DA:50,9
DA:53,9
DA:57,9
DA:65,9
DA:73,9
DA:81,9
DA:87,9
DA:88,9
DA:89,9
DA:92,9
LF:22
LH:22
BRDA:38,0,0,9
BRDA:38,0,1,1
BRDA:39,1,0,9
BRDA:39,1,1,1
BRDA:48,2,0,9
BRDA:48,2,1,1
BRDA:49,3,0,9
BRDA:49,3,1,1
BRF:8
BRH:8
end_of_record
