TN:
SF:lib\aspects\naming-aspect.ts
FN:22,(anonymous_0)
FN:24,(anonymous_1)
FNF:2
FNH:2
FNDA:7,(anonymous_0)
FNDA:21,(anonymous_1)
DA:1,1
DA:21,1
DA:22,7
DA:25,21
DA:26,8
DA:27,8
DA:30,8
DA:33,8
DA:40,8
DA:43,8
LF:10
LH:10
BRDA:25,0,0,8
BRDA:30,1,0,8
BRDA:30,1,1,0
BRF:3
BRH:2
end_of_record
TN:
SF:lib\aspects\tagging-aspect.ts
FN:22,(anonymous_0)
FN:24,(anonymous_1)
FN:36,(anonymous_2)
FNF:3
FNH:3
FNDA:2,(anonymous_0)
FNDA:9,(anonymous_1)
FNDA:2,(anonymous_2)
DA:1,1
DA:21,1
DA:22,2
DA:25,9
DA:26,3
DA:29,3
DA:36,3
DA:42,3
DA:45,3
LF:9
LH:9
BRDA:25,0,0,3
BRDA:36,1,0,3
BRDA:36,1,1,2
BRF:3
BRH:3
end_of_record
TN:
SF:lib\config\environment.ts
FN:25,validateEmail
FN:39,validatePhone
FN:55,validateHighSeverityThreshold
FN:66,getEnvironmentConfig
FNF:4
FNH:4
FNDA:9,validateEmail
FNDA:9,validatePhone
FNDA:9,validateHighSeverityThreshold
FNDA:4,getEnvironmentConfig
DA:1,1
DA:25,1
DA:26,9
DA:27,9
DA:28,4
DA:30,5
DA:39,1
DA:40,9
DA:41,6
DA:42,6
DA:43,3
DA:46,6
DA:55,1
DA:56,9
DA:57,3
DA:59,6
DA:66,1
DA:68,4
DA:72,3
DA:77,3
DA:81,3
DA:85,3
DA:90,3
DA:96,3
DA:101,3
DA:107,3
LF:26
LH:26
BRDA:27,0,0,4
BRDA:40,1,0,6
BRDA:42,2,0,3
BRDA:56,3,0,3
BRDA:56,4,0,9
BRDA:56,4,1,8
BRDA:56,4,2,7
BRF:7
BRH:7
end_of_record
TN:
SF:lib\interfaces\base-stack.ts
FN:14,(anonymous_0)
FN:36,(anonymous_1)
FN:43,(anonymous_2)
FN:48,(anonymous_3)
FNF:4
FNH:4
FNDA:56,(anonymous_0)
FNDA:19,(anonymous_1)
FNDA:97,(anonymous_2)
FNDA:1,(anonymous_3)
DA:1,8
DA:10,8
DA:16,56
DA:17,2
DA:19,54
DA:20,2
DA:23,52
DA:26,52
DA:27,52
DA:30,52
DA:31,52
DA:32,52
DA:35,52
DA:36,10
DA:37,19
DA:44,97
DA:49,1
LF:17
LH:17
BRDA:16,0,0,2
BRDA:19,1,0,2
BRDA:35,2,0,10
BRF:3
BRH:3
end_of_record
TN:
SF:lib\stacks\alerting-stack.ts
FN:20,(anonymous_0)
FNF:1
FNH:1
FNDA:5,(anonymous_0)
DA:1,1
DA:3,1
DA:4,1
DA:5,1
DA:6,1
DA:7,1
DA:15,1
DA:21,5
DA:24,5
DA:30,5
DA:35,5
DA:36,1
DA:42,5
DA:57,5
DA:60,5
DA:71,5
DA:74,5
LF:17
LH:17
BRDA:35,0,0,1
BRDA:66,1,0,5
BRDA:66,1,1,4
BRF:3
BRH:3
end_of_record
TN:
SF:lib\stacks\compliance-stack.ts
FN:19,(anonymous_0)
FNF:1
FNH:1
FNDA:5,(anonymous_0)
DA:1,1
DA:3,1
DA:4,1
DA:12,1
DA:20,5
DA:23,5
DA:32,5
DA:40,5
DA:45,5
DA:50,5
DA:55,5
DA:61,5
LF:12
LH:12
BRDA:26,0,0,5
BRDA:26,0,1,4
BRDA:34,1,0,5
BRDA:34,1,1,4
BRDA:36,2,0,5
BRDA:36,2,1,4
BRF:6
BRH:6
end_of_record
TN:
SF:lib\stacks\config-management-stack.ts
FN:27,(anonymous_0)
FNF:1
FNH:1
FNDA:11,(anonymous_0)
DA:1,1
DA:2,1
DA:3,1
DA:4,1
DA:5,1
DA:6,1
DA:7,1
DA:17,1
DA:28,11
DA:31,11
DA:32,2
DA:42,11
DA:46,11
DA:54,11
DA:58,11
DA:73,11
DA:77,11
DA:83,11
DA:90,11
DA:110,11
DA:124,11
DA:152,11
DA:157,11
DA:162,11
DA:167,11
DA:172,11
DA:177,11
DA:182,11
DA:183,2
DA:189,11
LF:30
LH:30
BRDA:31,0,0,2
BRDA:34,1,0,2
BRDA:34,1,1,1
BRDA:42,2,0,1
BRDA:42,2,1,10
BRDA:54,3,0,1
BRDA:54,3,1,10
BRDA:73,4,0,1
BRDA:73,4,1,10
BRDA:182,5,0,2
BRF:10
BRH:10
end_of_record
TN:
SF:lib\stacks\incident-response-stack.ts
FN:19,(anonymous_0)
FNF:1
FNH:1
FNDA:6,(anonymous_0)
DA:1,1
DA:3,1
DA:4,1
DA:5,1
DA:6,1
DA:7,1
DA:14,1
DA:20,6
DA:23,6
DA:42,6
DA:55,6
DA:67,6
DA:70,6
DA:88,6
DA:91,6
LF:15
LH:15
BRDA:62,0,0,6
BRDA:62,0,1,5
BRF:2
BRH:2
end_of_record
TN:
SF:lib\stacks\logging-stack.ts
FN:8,(anonymous_0)
FNF:1
FNH:1
FNDA:3,(anonymous_0)
DA:1,1
DA:3,1
DA:4,1
DA:5,1
DA:7,1
DA:9,3
DA:12,3
DA:21,3
DA:27,3
DA:39,3
LF:10
LH:10
BRF:0
BRH:0
end_of_record
TN:
SF:lib\stacks\security-monitoring-stack.ts
FN:22,(anonymous_0)
FNF:1
FNH:1
FNDA:9,(anonymous_0)
DA:1,1
DA:4,1
DA:5,1
DA:6,1
DA:14,1
DA:23,9
DA:26,9
DA:52,9
DA:53,9
DA:54,9
DA:57,9
DA:62,9
DA:63,9
DA:64,9
DA:67,9
DA:71,9
DA:79,9
DA:87,9
DA:95,9
DA:101,9
DA:102,9
DA:103,9
DA:106,9
LF:23
LH:23
BRDA:30,0,0,9
BRDA:30,0,1,9
BRDA:37,1,0,9
BRDA:37,1,1,9
BRDA:43,2,0,9
BRDA:43,2,1,9
BRDA:52,3,0,9
BRDA:52,3,1,1
BRDA:53,4,0,9
BRDA:53,4,1,1
BRDA:62,5,0,9
BRDA:62,5,1,1
BRDA:63,6,0,9
BRDA:63,6,1,1
BRF:14
BRH:14
end_of_record
TN:
SF:lib\stacks\security-stack.ts
FN:14,(anonymous_0)
FNF:1
FNH:1
FNDA:6,(anonymous_0)
DA:1,1
DA:3,1
DA:4,1
DA:10,1
DA:15,6
DA:18,6
DA:29,6
DA:36,6
DA:57,6
DA:74,6
DA:80,6
LF:11
LH:11
BRDA:20,0,0,6
BRDA:20,0,1,1
BRDA:31,1,0,6
BRDA:31,1,1,1
BRDA:51,2,0,6
BRDA:51,2,1,1
BRDA:68,3,0,6
BRDA:68,3,1,1
BRF:8
BRH:8
end_of_record
